<?xml version="1.0" encoding="UTF-8"?>
<testng-results ignored="0" total="1" passed="1" failed="0" skipped="0">
  <reporter-output>
  </reporter-output>
  <suite started-at="2023-11-09T08:48:04 ICT" name="Surefire suite" finished-at="2023-11-09T08:48:14 ICT" duration-ms="10102">
    <groups>
    </groups>
    <test started-at="2023-11-09T08:48:04 ICT" name="Surefire test" finished-at="2023-11-09T08:48:14 ICT" duration-ms="10102">
      <class name="test.TestLoginPageSimple">
        <test-method signature="testLoginPage()[pri:0, instance:test.TestLoginPageSimple@47542153]" started-at="2023-11-09T08:48:04 ICT" name="testLoginPage" finished-at="2023-11-09T08:48:14 ICT" duration-ms="10047" status="PASS">
          <reporter-output>
          </reporter-output>
        </test-method> <!-- testLoginPage -->
      </class> <!-- test.TestLoginPageSimple -->
    </test> <!-- Surefire test -->
  </suite> <!-- Surefire suite -->
</testng-results>
